<?xml version="1.0" encoding="UTF-8"?>
<testng-results ignored="0" total="1" passed="1" failed="0" skipped="0">
  <reporter-output>
  </reporter-output>
  <suite started-at="2023-08-09T12:00:30 IST" name="Default suite" finished-at="2023-08-09T12:01:02 IST" duration-ms="31813">
    <groups>
    </groups>
    <test started-at="2023-08-09T12:00:30 IST" name="Default test" finished-at="2023-08-09T12:01:02 IST" duration-ms="31813">
      <class name="actitime.testScript.DropdownHandleTest">
        <test-method is-config="true" signature="launchingBrowser()[pri:0, instance:actitime.testScript.DropdownHandleTest@4c12331b]" started-at="2023-08-09T12:00:30 IST" name="launchingBrowser" finished-at="2023-08-09T12:00:35 IST" duration-ms="5180" status="PASS">
          <reporter-output>
          </reporter-output>
        </test-method> <!-- launchingBrowser -->
        <test-method is-config="true" signature="login()[pri:0, instance:actitime.testScript.DropdownHandleTest@4c12331b]" started-at="2023-08-09T12:00:35 IST" name="login" finished-at="2023-08-09T12:00:53 IST" duration-ms="17869" status="PASS">
          <reporter-output>
          </reporter-output>
        </test-method> <!-- login -->
        <test-method signature="handleDropdown()[pri:0, instance:actitime.testScript.DropdownHandleTest@4c12331b]" started-at="2023-08-09T12:00:53 IST" name="handleDropdown" finished-at="2023-08-09T12:01:01 IST" duration-ms="8049" status="PASS">
          <reporter-output>
          </reporter-output>
        </test-method> <!-- handleDropdown -->
        <test-method is-config="true" signature="logout()[pri:0, instance:actitime.testScript.DropdownHandleTest@4c12331b]" started-at="2023-08-09T12:01:01 IST" name="logout" finished-at="2023-08-09T12:01:01 IST" duration-ms="124" status="PASS">
          <reporter-output>
          </reporter-output>
        </test-method> <!-- logout -->
        <test-method is-config="true" signature="closeBroser()[pri:0, instance:actitime.testScript.DropdownHandleTest@4c12331b]" started-at="2023-08-09T12:01:01 IST" name="closeBroser" finished-at="2023-08-09T12:01:02 IST" duration-ms="479" status="PASS">
          <reporter-output>
          </reporter-output>
        </test-method> <!-- closeBroser -->
      </class> <!-- actitime.testScript.DropdownHandleTest -->
    </test> <!-- Default test -->
  </suite> <!-- Default suite -->
</testng-results>
